<?xml version="1.0" encoding="UTF-8"?>
<!-- Generated by org.testng.reporters.JUnitReportReporter -->
<testsuite hostname="LAPTOP-SG0J3C1S" failures="0" tests="13" name="codeboxAutomation.Tests" time="4.852" errors="1" timestamp="2026-03-08T04:55:38 EET" skipped="12">
  <testcase classname="codeboxAutomation.Tests" name="Static_Dropdown" time="4.852">
    <error message="invalid session id: session deleted as the browser has closed the connection
from disconnected: not connected to DevTools
  (Session info: MicrosoftEdge=145.0.3800.70)
Build info: version: &#039;4.40.0&#039;, revision: &#039;b3333f1&#039;
System info: os.name: &#039;Windows 11&#039;, os.arch: &#039;amd64&#039;, os.version: &#039;10.0&#039;, java.version: &#039;21.0.9&#039;
Driver info: org.openqa.selenium.edge.EdgeDriver
Command: [db572f39a74a6fa98f14e80f93c1214a, isElementEnabled {id=f.FEF5683F89926719FB5F77385696D2E3.d.772398E61B45D3FC3D63FAE62EF951C9.e.36}]
Capabilities {acceptInsecureCerts: false, browserName: MicrosoftEdge, browserVersion: 145.0.3800.70, fedcm:accounts: true, goog:processID: 26424, ms:edgeOptions: {debuggerAddress: localhost:50321}, msedge: {msedgedriverVersion: 145.0.3800.97 (f4c49d5241f1..., userDataDir: C:\Users\sara\AppData\Local...}, networkConnectionEnabled: false, pageLoadStrategy: normal, platformName: windows, proxy: Proxy(), se:cdp: ws://localhost:50321/devtoo..., se:cdpVersion: 145.0.3800.70, setWindowRect: true, strictFileInteractability: false, timeouts: {implicit: 0, pageLoad: 300000, script: 30000}, unhandledPromptBehavior: dismiss and notify, webauthn:extension:credBlob: true, webauthn:extension:largeBlob: true, webauthn:extension:minPinLength: true, webauthn:extension:prf: true, webauthn:virtualAuthenticators: true}
Element: [[EdgeDriver: MicrosoftEdge on windows (db572f39a74a6fa98f14e80f93c1214a)] -&gt; id: dropdown-class-example]
Session ID: db572f39a74a6fa98f14e80f93c1214a" type="org.openqa.selenium.NoSuchSessionException">
      <![CDATA[org.openqa.selenium.NoSuchSessionException: invalid session id: session deleted as the browser has closed the connection
from disconnected: not connected to DevTools
  (Session info: MicrosoftEdge=145.0.3800.70)
Build info: version: '4.40.0', revision: 'b3333f1'
System info: os.name: 'Windows 11', os.arch: 'amd64', os.version: '10.0', java.version: '21.0.9'
Driver info: org.openqa.selenium.edge.EdgeDriver
Command: [db572f39a74a6fa98f14e80f93c1214a, isElementEnabled {id=f.FEF5683F89926719FB5F77385696D2E3.d.772398E61B45D3FC3D63FAE62EF951C9.e.36}]
Capabilities {acceptInsecureCerts: false, browserName: MicrosoftEdge, browserVersion: 145.0.3800.70, fedcm:accounts: true, goog:processID: 26424, ms:edgeOptions: {debuggerAddress: localhost:50321}, msedge: {msedgedriverVersion: 145.0.3800.97 (f4c49d5241f1..., userDataDir: C:\Users\sara\AppData\Local...}, networkConnectionEnabled: false, pageLoadStrategy: normal, platformName: windows, proxy: Proxy(), se:cdp: ws://localhost:50321/devtoo..., se:cdpVersion: 145.0.3800.70, setWindowRect: true, strictFileInteractability: false, timeouts: {implicit: 0, pageLoad: 300000, script: 30000}, unhandledPromptBehavior: dismiss and notify, webauthn:extension:credBlob: true, webauthn:extension:largeBlob: true, webauthn:extension:minPinLength: true, webauthn:extension:prf: true, webauthn:virtualAuthenticators: true}
Element: [[EdgeDriver: MicrosoftEdge on windows (db572f39a74a6fa98f14e80f93c1214a)] -> id: dropdown-class-example]
Session ID: db572f39a74a6fa98f14e80f93c1214a
at org.openqa.selenium.remote.ErrorCodec.decode(ErrorCodec.java:169)
at org.openqa.selenium.remote.codec.w3c.W3CHttpResponseCodec.decode(W3CHttpResponseCodec.java:142)
at org.openqa.selenium.remote.codec.w3c.W3CHttpResponseCodec.decode(W3CHttpResponseCodec.java:49)
at org.openqa.selenium.remote.HttpCommandExecutor.execute(HttpCommandExecutor.java:223)
at org.openqa.selenium.remote.service.DriverCommandExecutor.invokeExecute(DriverCommandExecutor.java:216)
at org.openqa.selenium.remote.service.DriverCommandExecutor.execute(DriverCommandExecutor.java:174)
at org.openqa.selenium.remote.RemoteWebDriver.execute(RemoteWebDriver.java:601)
at org.openqa.selenium.remote.RemoteWebElement.execute(RemoteWebElement.java:223)
at org.openqa.selenium.remote.RemoteWebElement.isEnabled(RemoteWebElement.java:181)
at org.openqa.selenium.support.ui.Select.assertSelectIsEnabled(Select.java:411)
at org.openqa.selenium.support.ui.Select.selectByVisibleText(Select.java:346)
at org.openqa.selenium.support.ui.Select.selectByVisibleText(Select.java:128)
at codeboxAutomation.Tests.Static_Dropdown(Tests.java:81)
at java.base/jdk.internal.reflect.DirectMethodHandleAccessor.invoke(DirectMethodHandleAccessor.java:103)
at java.base/java.lang.reflect.Method.invoke(Method.java:580)
at org.testng.internal.invokers.MethodInvocationHelper.invokeMethod(MethodInvocationHelper.java:141)
at org.testng.internal.invokers.TestInvoker.invokeMethod(TestInvoker.java:687)
at org.testng.internal.invokers.TestInvoker.invokeTestMethod(TestInvoker.java:230)
at org.testng.internal.invokers.MethodRunner.runInSequence(MethodRunner.java:63)
at org.testng.internal.invokers.TestInvoker$MethodInvocationAgent.invoke(TestInvoker.java:995)
at org.testng.internal.invokers.TestInvoker.invokeTestMethods(TestInvoker.java:203)
at org.testng.internal.invokers.TestMethodWorker.invokeTestMethods(TestMethodWorker.java:154)
at org.testng.internal.invokers.TestMethodWorker.run(TestMethodWorker.java:134)
at java.base/java.util.ArrayList.forEach(ArrayList.java:1596)
at org.testng.TestRunner.privateRun(TestRunner.java:741)
at org.testng.TestRunner.run(TestRunner.java:616)
at org.testng.SuiteRunner.runTest(SuiteRunner.java:421)
at org.testng.SuiteRunner.runSequentially(SuiteRunner.java:413)
at org.testng.SuiteRunner.privateRun(SuiteRunner.java:373)
at org.testng.SuiteRunner.run(SuiteRunner.java:312)
at org.testng.SuiteRunnerWorker.runSuite(SuiteRunnerWorker.java:52)
at org.testng.SuiteRunnerWorker.run(SuiteRunnerWorker.java:95)
at org.testng.TestNG.runSuitesSequentially(TestNG.java:1274)
at org.testng.TestNG.runSuitesLocally(TestNG.java:1208)
at org.testng.TestNG.runSuites(TestNG.java:1112)
at org.testng.TestNG.run(TestNG.java:1079)
at org.testng.remote.AbstractRemoteTestNG.run(AbstractRemoteTestNG.java:115)
at org.testng.remote.RemoteTestNG.initAndRun(RemoteTestNG.java:293)
at org.testng.remote.RemoteTestNG.main(RemoteTestNG.java:91)
]]>
    </error>
  </testcase> <!-- Static_Dropdown -->
  <testcase classname="codeboxAutomation.Tests" name="iFrame">
    <skipped/>
  </testcase> <!-- iFrame -->
  <testcase classname="codeboxAutomation.Tests" name="Enabled_Disabled">
    <skipped/>
  </testcase> <!-- Enabled_Disabled -->
  <testcase classname="codeboxAutomation.Tests" name="Web_Table">
    <skipped/>
  </testcase> <!-- Web_Table -->
  <testcase classname="codeboxAutomation.Tests" name="Switch_Window">
    <skipped/>
  </testcase> <!-- Switch_Window -->
  <testcase classname="codeboxAutomation.Tests" name="Switch_To_Alert">
    <skipped/>
  </testcase> <!-- Switch_To_Alert -->
  <testcase classname="codeboxAutomation.Tests" name="Dynamic_Dropdown">
    <skipped/>
  </testcase> <!-- Dynamic_Dropdown -->
  <testcase classname="codeboxAutomation.Tests" name="Switch_Tab">
    <skipped/>
  </testcase> <!-- Switch_Tab -->
  <testcase classname="codeboxAutomation.Tests" name="calender">
    <skipped/>
  </testcase> <!-- calender -->
  <testcase classname="codeboxAutomation.Tests" name="RadioButton">
    <skipped/>
  </testcase> <!-- RadioButton -->
  <testcase classname="codeboxAutomation.Tests" name="Checkbox">
    <skipped/>
  </testcase> <!-- Checkbox -->
  <testcase classname="codeboxAutomation.Tests" name="Hide_And_Show">
    <skipped/>
  </testcase> <!-- Hide_And_Show -->
  <testcase classname="codeboxAutomation.Tests" name="Mouse_Hover">
    <skipped/>
  </testcase> <!-- Mouse_Hover -->
</testsuite> <!-- codeboxAutomation.Tests -->
